have_header: checking for unistd.h... -------------------- yes

"clang -fdeclspec -o conftest -I/nix/store/zk2fhqzacf0pfap22n8hnffbj9z3yx96-ruby-3.0.4/include/ruby-3.0.0/arm64-darwin21 -I/nix/store/zk2fhqzacf0pfap22n8hnffbj9z3yx96-ruby-3.0.4/include/ruby-3.0.0/ruby/backward -I/nix/store/zk2fhqzacf0pfap22n8hnffbj9z3yx96-ruby-3.0.4/include/ruby-3.0.0 -I. -D_XOPEN_SOURCE -D_DARWIN_C_SOURCE -D_DARWIN_UNLIMITED_SELECT -D_REENTRANT   -O3 -ggdb3 -Wall -Wextra -Wdeprecated-declarations -Wdivision-by-zero -Wimplicit-function-declaration -Wimplicit-int -Wmisleading-indentation -Wpointer-arith -Wshorten-64-to-32 -Wwrite-strings -Wmissing-noreturn -Wno-constant-logical-operand -Wno-long-long -Wno-missing-field-initializers -Wno-overlength-strings -Wno-parentheses-equality -Wno-self-assign -Wno-tautological-compare -Wno-unused-parameter -Wno-unused-value -Wunused-variable -Wextra-tokens -fno-common -pipe conftest.c  -L. -L/nix/store/zk2fhqzacf0pfap22n8hnffbj9z3yx96-ruby-3.0.4/lib -L. -fstack-protector-strong -L/nix/store/i7jiw3zzib7sm0hfkmdkl2525yrhmpj2-gettext-0.21/lib -L/nix/store/vfwhkl9miw5h4955rzp9la5yyy0q2zli-libffi-3.4.2-dev/lib -L/nix/store/97zb7agxm5ag5niyxhf2mjbdm5sq1kb3-ncurses-6.2-dev/lib -L/nix/store/3vrxhq4fwlx7j9dad2va2481malfj6l4-zlib-1.2.12-dev/lib -L/nix/store/8psnqj6xv8jhqhxgwab35y9xcwxl6g8p-openssl-1.1.1o-dev/lib -L/nix/store/fnwrplqlsx1qzbwfx8l8p9j1v152xjb4-gdbm-1.20/lib -L/nix/store/s692kf9n0klnkhijsd0bdfmmdmqss75k-libyaml-0.2.5/lib -L/nix/store/hnnnnihav55z9zs5pngg18h0v80rgbd2-libiconv-50/lib -L/nix/store/alza34rj89hzx2bjm4bn6wcqr9b4mp1b-libobjc-11.0.0/lib -L/nix/store/nw3lbhn0gj968d8csqliv5akd7s7r8mw-libobjc-11.0.0/lib -L/nix/store/eeeeeeeeeeeeeeeeeeeeeeeeeeeeeeee-clang-wrapper-11.1.0/resource-root/lib -L/nix/store/brjkxprm5sw1nymsnm8q750i14rbaq2h-libSystem-11.0.0/lib  -m64   -lruby-3.0.4   "
ld: warning: directory not found for option '-L/nix/store/eeeeeeeeeeeeeeeeeeeeeeeeeeeeeeee-clang-wrapper-11.1.0/resource-root/lib'
checked program was:
/* begin */
1: #include "ruby.h"
2: 
3: int main(int argc, char **argv)
4: {
5:   return !!argv[argc];
6: }
/* end */

"clang -E -I/nix/store/zk2fhqzacf0pfap22n8hnffbj9z3yx96-ruby-3.0.4/include/ruby-3.0.0/arm64-darwin21 -I/nix/store/zk2fhqzacf0pfap22n8hnffbj9z3yx96-ruby-3.0.4/include/ruby-3.0.0/ruby/backward -I/nix/store/zk2fhqzacf0pfap22n8hnffbj9z3yx96-ruby-3.0.4/include/ruby-3.0.0 -I. -D_XOPEN_SOURCE -D_DARWIN_C_SOURCE -D_DARWIN_UNLIMITED_SELECT -D_REENTRANT   -O3 -ggdb3 -Wall -Wextra -Wdeprecated-declarations -Wdivision-by-zero -Wimplicit-function-declaration -Wimplicit-int -Wmisleading-indentation -Wpointer-arith -Wshorten-64-to-32 -Wwrite-strings -Wmissing-noreturn -Wno-constant-logical-operand -Wno-long-long -Wno-missing-field-initializers -Wno-overlength-strings -Wno-parentheses-equality -Wno-self-assign -Wno-tautological-compare -Wno-unused-parameter -Wno-unused-value -Wunused-variable -Wextra-tokens -fno-common -pipe  conftest.c -o conftest.i"
checked program was:
/* begin */
1: #include "ruby.h"
2: 
3: #include <unistd.h>
/* end */

--------------------

have_header: checking for linux/aio_abi.h... -------------------- no

"clang -E -I/nix/store/zk2fhqzacf0pfap22n8hnffbj9z3yx96-ruby-3.0.4/include/ruby-3.0.0/arm64-darwin21 -I/nix/store/zk2fhqzacf0pfap22n8hnffbj9z3yx96-ruby-3.0.4/include/ruby-3.0.0/ruby/backward -I/nix/store/zk2fhqzacf0pfap22n8hnffbj9z3yx96-ruby-3.0.4/include/ruby-3.0.0 -I. -D_XOPEN_SOURCE -D_DARWIN_C_SOURCE -D_DARWIN_UNLIMITED_SELECT -D_REENTRANT   -O3 -ggdb3 -Wall -Wextra -Wdeprecated-declarations -Wdivision-by-zero -Wimplicit-function-declaration -Wimplicit-int -Wmisleading-indentation -Wpointer-arith -Wshorten-64-to-32 -Wwrite-strings -Wmissing-noreturn -Wno-constant-logical-operand -Wno-long-long -Wno-missing-field-initializers -Wno-overlength-strings -Wno-parentheses-equality -Wno-self-assign -Wno-tautological-compare -Wno-unused-parameter -Wno-unused-value -Wunused-variable -Wextra-tokens -fno-common -pipe  conftest.c -o conftest.i"
conftest.c:3:10: fatal error: 'linux/aio_abi.h' file not found
#include <linux/aio_abi.h>
         ^~~~~~~~~~~~~~~~~
1 error generated.
checked program was:
/* begin */
1: #include "ruby.h"
2: 
3: #include <linux/aio_abi.h>
/* end */

--------------------

have_header: checking for linux/io_uring.h... -------------------- no

"clang -E -I/nix/store/zk2fhqzacf0pfap22n8hnffbj9z3yx96-ruby-3.0.4/include/ruby-3.0.0/arm64-darwin21 -I/nix/store/zk2fhqzacf0pfap22n8hnffbj9z3yx96-ruby-3.0.4/include/ruby-3.0.0/ruby/backward -I/nix/store/zk2fhqzacf0pfap22n8hnffbj9z3yx96-ruby-3.0.4/include/ruby-3.0.0 -I. -D_XOPEN_SOURCE -D_DARWIN_C_SOURCE -D_DARWIN_UNLIMITED_SELECT -D_REENTRANT   -O3 -ggdb3 -Wall -Wextra -Wdeprecated-declarations -Wdivision-by-zero -Wimplicit-function-declaration -Wimplicit-int -Wmisleading-indentation -Wpointer-arith -Wshorten-64-to-32 -Wwrite-strings -Wmissing-noreturn -Wno-constant-logical-operand -Wno-long-long -Wno-missing-field-initializers -Wno-overlength-strings -Wno-parentheses-equality -Wno-self-assign -Wno-tautological-compare -Wno-unused-parameter -Wno-unused-value -Wunused-variable -Wextra-tokens -fno-common -pipe  conftest.c -o conftest.i"
conftest.c:3:10: fatal error: 'linux/io_uring.h' file not found
#include <linux/io_uring.h>
         ^~~~~~~~~~~~~~~~~~
1 error generated.
checked program was:
/* begin */
1: #include "ruby.h"
2: 
3: #include <linux/io_uring.h>
/* end */

--------------------

have_header: checking for sys/select.h... -------------------- yes

"clang -E -I/nix/store/zk2fhqzacf0pfap22n8hnffbj9z3yx96-ruby-3.0.4/include/ruby-3.0.0/arm64-darwin21 -I/nix/store/zk2fhqzacf0pfap22n8hnffbj9z3yx96-ruby-3.0.4/include/ruby-3.0.0/ruby/backward -I/nix/store/zk2fhqzacf0pfap22n8hnffbj9z3yx96-ruby-3.0.4/include/ruby-3.0.0 -I. -D_XOPEN_SOURCE -D_DARWIN_C_SOURCE -D_DARWIN_UNLIMITED_SELECT -D_REENTRANT   -O3 -ggdb3 -Wall -Wextra -Wdeprecated-declarations -Wdivision-by-zero -Wimplicit-function-declaration -Wimplicit-int -Wmisleading-indentation -Wpointer-arith -Wshorten-64-to-32 -Wwrite-strings -Wmissing-noreturn -Wno-constant-logical-operand -Wno-long-long -Wno-missing-field-initializers -Wno-overlength-strings -Wno-parentheses-equality -Wno-self-assign -Wno-tautological-compare -Wno-unused-parameter -Wno-unused-value -Wunused-variable -Wextra-tokens -fno-common -pipe  conftest.c -o conftest.i"
checked program was:
/* begin */
1: #include "ruby.h"
2: 
3: #include <sys/select.h>
/* end */

--------------------

have_type: checking for port_event_t in poll.h... -------------------- no

"clang -fdeclspec -I/nix/store/zk2fhqzacf0pfap22n8hnffbj9z3yx96-ruby-3.0.4/include/ruby-3.0.0/arm64-darwin21 -I/nix/store/zk2fhqzacf0pfap22n8hnffbj9z3yx96-ruby-3.0.4/include/ruby-3.0.0/ruby/backward -I/nix/store/zk2fhqzacf0pfap22n8hnffbj9z3yx96-ruby-3.0.4/include/ruby-3.0.0 -I. -D_XOPEN_SOURCE -D_DARWIN_C_SOURCE -D_DARWIN_UNLIMITED_SELECT -D_REENTRANT   -O3 -ggdb3 -Wall -Wextra -Wdeprecated-declarations -Wdivision-by-zero -Wimplicit-function-declaration -Wimplicit-int -Wmisleading-indentation -Wpointer-arith -Wshorten-64-to-32 -Wwrite-strings -Wmissing-noreturn -Wno-constant-logical-operand -Wno-long-long -Wno-missing-field-initializers -Wno-overlength-strings -Wno-parentheses-equality -Wno-self-assign -Wno-tautological-compare -Wno-unused-parameter -Wno-unused-value -Wunused-variable -Wextra-tokens -fno-common -pipe -m64  -c conftest.c"
conftest.c:6:9: error: unknown type name 'port_event_t'
typedef port_event_t conftest_type;
        ^
1 error generated.
checked program was:
/* begin */
1: #include "ruby.h"
2: 
3: #include <poll.h>
4: 
5: /*top*/
6: typedef port_event_t conftest_type;
7: int conftestval[sizeof(conftest_type)?1:-1];
/* end */

--------------------

have_header: checking for sys/epoll.h... -------------------- no

"clang -E -I/nix/store/zk2fhqzacf0pfap22n8hnffbj9z3yx96-ruby-3.0.4/include/ruby-3.0.0/arm64-darwin21 -I/nix/store/zk2fhqzacf0pfap22n8hnffbj9z3yx96-ruby-3.0.4/include/ruby-3.0.0/ruby/backward -I/nix/store/zk2fhqzacf0pfap22n8hnffbj9z3yx96-ruby-3.0.4/include/ruby-3.0.0 -I. -D_XOPEN_SOURCE -D_DARWIN_C_SOURCE -D_DARWIN_UNLIMITED_SELECT -D_REENTRANT   -O3 -ggdb3 -Wall -Wextra -Wdeprecated-declarations -Wdivision-by-zero -Wimplicit-function-declaration -Wimplicit-int -Wmisleading-indentation -Wpointer-arith -Wshorten-64-to-32 -Wwrite-strings -Wmissing-noreturn -Wno-constant-logical-operand -Wno-long-long -Wno-missing-field-initializers -Wno-overlength-strings -Wno-parentheses-equality -Wno-self-assign -Wno-tautological-compare -Wno-unused-parameter -Wno-unused-value -Wunused-variable -Wextra-tokens -fno-common -pipe  conftest.c -o conftest.i"
conftest.c:3:10: fatal error: 'sys/epoll.h' file not found
#include <sys/epoll.h>
         ^~~~~~~~~~~~~
1 error generated.
checked program was:
/* begin */
1: #include "ruby.h"
2: 
3: #include <sys/epoll.h>
/* end */

--------------------

have_header: checking for sys/event.h... -------------------- yes

"clang -E -I/nix/store/zk2fhqzacf0pfap22n8hnffbj9z3yx96-ruby-3.0.4/include/ruby-3.0.0/arm64-darwin21 -I/nix/store/zk2fhqzacf0pfap22n8hnffbj9z3yx96-ruby-3.0.4/include/ruby-3.0.0/ruby/backward -I/nix/store/zk2fhqzacf0pfap22n8hnffbj9z3yx96-ruby-3.0.4/include/ruby-3.0.0 -I. -D_XOPEN_SOURCE -D_DARWIN_C_SOURCE -D_DARWIN_UNLIMITED_SELECT -D_REENTRANT   -O3 -ggdb3 -Wall -Wextra -Wdeprecated-declarations -Wdivision-by-zero -Wimplicit-function-declaration -Wimplicit-int -Wmisleading-indentation -Wpointer-arith -Wshorten-64-to-32 -Wwrite-strings -Wmissing-noreturn -Wno-constant-logical-operand -Wno-long-long -Wno-missing-field-initializers -Wno-overlength-strings -Wno-parentheses-equality -Wno-self-assign -Wno-tautological-compare -Wno-unused-parameter -Wno-unused-value -Wunused-variable -Wextra-tokens -fno-common -pipe  conftest.c -o conftest.i"
checked program was:
/* begin */
1: #include "ruby.h"
2: 
3: #include <sys/event.h>
/* end */

--------------------

have_header: checking for sys/queue.h... -------------------- yes

"clang -E -I/nix/store/zk2fhqzacf0pfap22n8hnffbj9z3yx96-ruby-3.0.4/include/ruby-3.0.0/arm64-darwin21 -I/nix/store/zk2fhqzacf0pfap22n8hnffbj9z3yx96-ruby-3.0.4/include/ruby-3.0.0/ruby/backward -I/nix/store/zk2fhqzacf0pfap22n8hnffbj9z3yx96-ruby-3.0.4/include/ruby-3.0.0 -I. -D_XOPEN_SOURCE -D_DARWIN_C_SOURCE -D_DARWIN_UNLIMITED_SELECT -D_REENTRANT   -O3 -ggdb3 -Wall -Wextra -Wdeprecated-declarations -Wdivision-by-zero -Wimplicit-function-declaration -Wimplicit-int -Wmisleading-indentation -Wpointer-arith -Wshorten-64-to-32 -Wwrite-strings -Wmissing-noreturn -Wno-constant-logical-operand -Wno-long-long -Wno-missing-field-initializers -Wno-overlength-strings -Wno-parentheses-equality -Wno-self-assign -Wno-tautological-compare -Wno-unused-parameter -Wno-unused-value -Wunused-variable -Wextra-tokens -fno-common -pipe  conftest.c -o conftest.i"
checked program was:
/* begin */
1: #include "ruby.h"
2: 
3: #include <sys/queue.h>
/* end */

--------------------

have_type: checking for port_event_t in port.h... -------------------- no

"clang -fdeclspec -I/nix/store/zk2fhqzacf0pfap22n8hnffbj9z3yx96-ruby-3.0.4/include/ruby-3.0.0/arm64-darwin21 -I/nix/store/zk2fhqzacf0pfap22n8hnffbj9z3yx96-ruby-3.0.4/include/ruby-3.0.0/ruby/backward -I/nix/store/zk2fhqzacf0pfap22n8hnffbj9z3yx96-ruby-3.0.4/include/ruby-3.0.0 -I. -D_XOPEN_SOURCE -D_DARWIN_C_SOURCE -D_DARWIN_UNLIMITED_SELECT -D_REENTRANT   -O3 -ggdb3 -Wall -Wextra -Wdeprecated-declarations -Wdivision-by-zero -Wimplicit-function-declaration -Wimplicit-int -Wmisleading-indentation -Wpointer-arith -Wshorten-64-to-32 -Wwrite-strings -Wmissing-noreturn -Wno-constant-logical-operand -Wno-long-long -Wno-missing-field-initializers -Wno-overlength-strings -Wno-parentheses-equality -Wno-self-assign -Wno-tautological-compare -Wno-unused-parameter -Wno-unused-value -Wunused-variable -Wextra-tokens -fno-common -pipe -m64  -c conftest.c"
conftest.c:3:10: fatal error: 'port.h' file not found
#include <port.h>
         ^~~~~~~~
1 error generated.
checked program was:
/* begin */
1: #include "ruby.h"
2: 
3: #include <port.h>
4: 
5: /*top*/
6: typedef port_event_t conftest_type;
7: int conftestval[sizeof(conftest_type)?1:-1];
/* end */

--------------------

have_header: checking for sys/resource.h... -------------------- yes

"clang -E -I/nix/store/zk2fhqzacf0pfap22n8hnffbj9z3yx96-ruby-3.0.4/include/ruby-3.0.0/arm64-darwin21 -I/nix/store/zk2fhqzacf0pfap22n8hnffbj9z3yx96-ruby-3.0.4/include/ruby-3.0.0/ruby/backward -I/nix/store/zk2fhqzacf0pfap22n8hnffbj9z3yx96-ruby-3.0.4/include/ruby-3.0.0 -I. -D_XOPEN_SOURCE -D_DARWIN_C_SOURCE -D_DARWIN_UNLIMITED_SELECT -D_REENTRANT   -O3 -ggdb3 -Wall -Wextra -Wdeprecated-declarations -Wdivision-by-zero -Wimplicit-function-declaration -Wimplicit-int -Wmisleading-indentation -Wpointer-arith -Wshorten-64-to-32 -Wwrite-strings -Wmissing-noreturn -Wno-constant-logical-operand -Wno-long-long -Wno-missing-field-initializers -Wno-overlength-strings -Wno-parentheses-equality -Wno-self-assign -Wno-tautological-compare -Wno-unused-parameter -Wno-unused-value -Wunused-variable -Wextra-tokens -fno-common -pipe  conftest.c -o conftest.i"
checked program was:
/* begin */
1: #include "ruby.h"
2: 
3: #include <sys/resource.h>
/* end */

--------------------

